2021-09-16 13:52:21 データベースへの接続に成功しました。
2021-09-16 14:08:00 データベースへの接続に成功しました。
2021-09-16 14:08:00 db_insert test10 test10
2021-09-16 14:08:00 データベースへの接続に成功しました。
2021-09-16 14:17:06 データベースへの接続に成功しました。
2021-09-16 14:17:18 データベースへの接続に成功しました。
2021-09-16 14:17:18 db_update test6_edit test6_edit
2021-09-16 14:17:18 データベースへの接続に成功しました。
2021-09-16 14:23:33 db_conect Successful connection to the database
2021-09-16 14:23:44 db_conect Successful connection to the database
2021-09-16 14:24:01 db_conect Successful connection to the database
2021-09-16 14:24:01 db_update test7_edit test7_edit
2021-09-16 14:24:01 db_conect Successful connection to the database
2021-09-23 04:30:20 db_conect Successful connection to the database
2021-09-23 04:33:27 db_conect Successful connection to the database
2021-09-23 04:36:31 db_conect Successful connection to the database
2021-09-23 04:41:27 db_conect Successful connection to the database
2021-09-23 04:42:51 db_conect Successful connection to the database
2021-09-23 04:42:52 db_conect Successful connection to the database
2021-09-23 10:05:20 db_conect Successful connection to the database
2021-09-23 10:16:43 db_conect Successful connection to the database
2021-09-23 10:17:03 db_conect Successful connection to the database
2021-09-23 10:17:07 db_conect Successful connection to the database
2021-09-23 10:57:30 db_conect Successful connection to the database
2021-09-23 11:23:58 db_conect Successful connection to the database
2021-09-23 11:24:35 db_conect Successful connection to the database
2021-09-23 11:24:38 db_conect Successful connection to the database
2021-09-23 11:38:23 db_conect Successful connection to the database
2021-09-23 12:14:45 db_conect Successful connection to the database
2021-09-23 12:14:54 db_conect Successful connection to the database
2021-09-23 12:14:54 db_conect Successful connection to the database
2021-09-23 12:42:49 db_conect Successful connection to the database
2021-09-23 12:42:59 db_conect Successful connection to the database
2021-09-23 12:43:13 db_conect Successful connection to the database
2021-09-23 12:43:21 db_conect Successful connection to the database
2021-09-23 12:44:17 db_conect Successful connection to the database
2021-09-23 13:10:17 db_conect Successful connection to the database
2021-09-23 13:10:25 db_conect Successful connection to the database
2021-09-23 13:15:53 db_conect Successful connection to the database
2021-09-23 13:17:25 db_conect Successful connection to the database
2021-09-23 13:19:43 db_conect Successful connection to the database
2021-09-23 13:19:58 db_conect Successful connection to the database
2021-09-23 13:22:42 db_conect Successful connection to the database
2021-09-23 13:22:54 db_conect Successful connection to the database
2021-09-23 13:39:47 db_conect Successful connection to the database
2021-09-23 13:39:55 db_conect Successful connection to the database
2021-09-23 13:40:36 db_conect Successful connection to the database
2021-09-23 13:41:02 db_conect Successful connection to the database
2021-09-23 13:41:02 db_insert user1 user1
2021-09-23 13:41:02 db_conect Successful connection to the database
2021-09-23 13:41:52 db_conect Successful connection to the database
2021-09-23 13:41:52 db_insert user1 user1
2021-09-23 13:41:52 db_conect Successful connection to the database
2021-09-23 13:42:15 db_conect Successful connection to the database
2021-09-23 13:42:15 db_insert user1 user1
2021-09-23 13:42:15 db_conect Successful connection to the database
2021-09-23 13:42:21 db_conect Successful connection to the database
2021-09-23 13:42:21 db_insert user1 user1
2021-09-23 13:42:21 db_conect Successful connection to the database
2021-09-23 13:42:51 db_conect Successful connection to the database
2021-09-23 13:42:51 db_delete 4
2021-09-23 13:42:51 db_conect Successful connection to the database
2021-09-23 13:42:59 db_conect Successful connection to the database
2021-09-23 13:42:59 db_delete 4
2021-09-23 13:43:00 db_conect Successful connection to the database
2021-09-23 14:42:59 db_conect Successful connection to the database
2021-09-23 14:43:08 db_conect Successful connection to the database
2021-09-23 14:43:08 db_conect Successful connection to the database
2021-09-23 14:43:22 db_conect Successful connection to the database
2021-09-23 14:43:22 db_insert test2 test2
2021-09-23 14:43:22 db_conect Successful connection to the database
2021-09-23 14:43:35 db_conect Successful connection to the database
2021-09-23 14:43:35 db_insert test3 test3
2021-09-23 14:43:35 db_conect Successful connection to the database
2021-09-23 14:43:45 db_conect Successful connection to the database
2021-09-23 14:43:45 db_insert test4 test4
2021-09-23 14:43:45 db_conect Successful connection to the database
2021-09-23 14:43:59 db_conect Successful connection to the database
2021-09-23 14:43:59 db_insert test5 test5
2021-09-23 14:43:59 db_conect Successful connection to the database
2021-09-23 14:44:02 db_conect Successful connection to the database
2021-09-23 14:44:15 db_conect Successful connection to the database
2021-09-23 14:44:15 db_conect Successful connection to the database
2021-09-23 14:45:12 db_conect Successful connection to the database
2021-09-23 14:45:29 db_conect Successful connection to the database
2021-09-23 14:46:20 db_conect Successful connection to the database
2021-09-23 14:48:18 db_conect Successful connection to the database
2021-09-23 14:48:28 db_conect Successful connection to the database
2021-09-23 14:48:36 db_conect Successful connection to the database
2021-09-23 14:48:36 db_conect Successful connection to the database
